2025-11-18 15:00:39 - Mail Error: SMTP Error: Could not authenticate.
2025-11-18 15:07:54 - Mail Error: SMTP Error: Could not authenticate.
2025-11-18 15:26:12 - Mail Error: SMTP Error: Could not authenticate.
2025-11-18 15:33:32 - Mail Error: SMTP Error: Could not authenticate.
2025-11-18 15:39:30 - Mail Error: SMTP Error: Could not authenticate.
2025-11-18 15:40:21 - Mail Error: SMTP Error: Could not authenticate.
2025-11-18 15:42:18 - Mail Error: SMTP Error: Could not authenticate.
2025-11-18 15:47:38 - Mail Error: SMTP Error: Could not authenticate. (To: alfredprime2003@gmail.com)
2025-11-18 15:52:47 - SUCCESS: Email sent to alfredprime2003@gmail.com | Subject: Fingerprint Registration Reminder
2025-11-18 15:54:03 - SUCCESS: Email sent to alfredprime2003@gmail.com | Subject: Password Reset
2025-11-18 15:55:43 - SUCCESS: Email sent to alfredprime2003@gmail.com | Subject: Schedule Approved - BPC Attendance System
2025-11-18 16:26:00 - SUCCESS: Email sent to gilbert.samudio14@gmail.com | Subject: Your BPC Account
2025-11-18 19:24:09 - SUCCESS: Email sent to alfredprime2003@gmail.com | Subject: Schedule Approved - BPC Attendance System
2025-11-18 20:00:43 - SUCCESS: Email sent to realbacardiii@gmail.com | Subject: Your BPC Account
2025-11-18 20:02:45 - SUCCESS: Email sent to realbacardiii@gmail.com | Subject: Password Reset
2025-11-19 08:45:20 - SUCCESS: Email sent to alfredprime2003@gmail.com | Subject: Your BPC Account
2025-11-19 08:46:16 - SUCCESS: Email sent to alfredprime2003@gmail.com | Subject: Fingerprint Registration Reminder
2025-11-19 13:01:33 - SUCCESS: Email sent to alfredprime2003@gmail.com | Subject: Password Reset
2025-12-12 18:56:46 - SUCCESS: Email sent to juan.delacruz@bpc.edu.ph | Subject: Your BPC Account
2025-12-12 18:56:49 - SUCCESS: Email sent to ana.garcia@bpc.edu.ph | Subject: Your BPC Account
2025-12-13 18:54:27 - SUCCESS: Email sent to alfredprime2003@gmail.com | Subject: Your BPC Account
2025-12-13 18:56:26 - SUCCESS: Email sent to alfredprime2003@gmail.com | Subject: BPC Attendance System Account Successfully Created!
2025-12-13 19:33:37 - SUCCESS: Email sent to realbacardiii@gmail.com | Subject: BPC Attendance System Account Successfully Created!
2025-12-13 19:43:34 - SUCCESS: Email sent to alfredprime2003@gmail.com | Subject: Schedule Approved - BPC Attendance System
2025-12-13 19:43:38 - SUCCESS: Email sent to alfredprime2003@gmail.com | Subject: Schedule Approved - BPC Attendance System
2025-12-13 20:00:06 - SUCCESS: Email sent to realbacardiii@gmail.com | Subject: Schedule Approved - BPC Attendance System
2025-12-13 20:01:00 - SUCCESS: Email sent to realbacardiii@gmail.com | Subject: Fingerprint Registration Reminder
2025-12-13 20:01:03 - SUCCESS: Email sent to alfredprime2003@gmail.com | Subject: Fingerprint Registration Reminder
2025-12-13 20:11:34 - SUCCESS: Email sent to realbacardiii@gmail.com | Subject: Action Required: Fingerprint Registration
2025-12-13 20:11:37 - SUCCESS: Email sent to alfredprime2003@gmail.com | Subject: Action Required: Fingerprint Registration
2025-12-13 20:19:34 - SUCCESS: Email sent to realbacardiii@gmail.com | Subject: Password Reset OTP
2025-12-16 22:29:18 - SUCCESS: Email sent to realbacardiii@gmail.com | Subject: Password Reset OTP
2025-12-16 22:30:33 - SUCCESS: Email sent to alfredprime2003@gmail.com | Subject: Schedule Approved - BPC Attendance System
2025-12-16 22:35:59 - SUCCESS: Email sent to realbacardiii@gmail.com | Subject: Schedule Approved - BPC Attendance System
2025-12-16 23:04:17 - SUCCESS: Email sent to alfredprime2003@gmail.com | Subject: Schedule Approved - BPC Attendance System
2025-12-16 23:14:03 - SUCCESS: Email sent to realbacardiii@gmail.com | Subject: Schedule Declined - BPC Attendance System
2025-12-16 23:15:36 - SUCCESS: Email sent to realbacardiii@gmail.com | Subject: Schedule Request Update - BPC Attendance System
2025-12-16 23:15:39 - SUCCESS: Email sent to alfredprime2003@gmail.com | Subject: Schedule Approved - BPC Attendance System
